Using pre-set license
Built from '2020.3/staging' branch; Version is '2020.3.14f1 (d0d1bb862f9d) revision 13685179'; Using compiler version '192528614'; Build Type 'Release'
OS: 'Windows 10 Pro; OS build 19044.1706; Version 2009; 64bit' Language: 'ru' Physical Memory: 8010 MB
BatchMode: 1, IsHumanControllingUs: 0, StartBugReporterOnCrash: 0, Is64bit: 1, IsPro: 0

 COMMAND LINE ARGUMENTS:
C:\Program Files\Unity\Editor\Unity.exe
-adb2
-batchMode
-noUpm
-name
AssetImportWorker0
-projectPath
C:/Users/qumbc/OneDrive/Документы/GitHub/Unity-Calc/Calculator
-logFile
Logs/AssetImportWorker0.log
-srvPort
50875
Successfully changed project path to: C:/Users/qumbc/OneDrive/Документы/GitHub/Unity-Calc/Calculator
C:/Users/qumbc/OneDrive/Документы/GitHub/Unity-Calc/Calculator
Using Asset Import Pipeline V2.
Refreshing native plugins compatible for Editor in 41.79 ms, found 3 plugins.
Preloading 0 native plugins for Editor in 0.00 ms.
Initialize engine version: 2020.3.14f1 (d0d1bb862f9d)
[Subsystems] Discovering subsystems at path C:/Program Files/Unity/Editor/Data/Resources/UnitySubsystems
[Subsystems] Discovering subsystems at path C:/Users/qumbc/OneDrive/Документы/GitHub/Unity-Calc/Calculator/Assets
GfxDevice: creating device client; threaded=0
Direct3D:
    Version:  Direct3D 11.0 [level 11.1]
    Renderer: NVIDIA GeForce GTX 1650 with Max-Q Design (ID=0x1f9d)
    Vendor:   
    VRAM:     3962 MB
    Driver:   30.0.15.1295
Initialize mono
Mono path[0] = 'C:/Program Files/Unity/Editor/Data/Managed'
Mono path[1] = 'C:/Program Files/Unity/Editor/Data/MonoBleedingEdge/lib/mono/unityjit'
Mono config path = 'C:/Program Files/Unity/Editor/Data/MonoBleedingEdge/etc'
Using monoOptions --debugger-agent=transport=dt_socket,embedding=1,server=y,suspend=n,address=127.0.0.1:56868
Begin MonoManager ReloadAssembly
Registering precompiled unity dll's ...
Register platform support module: C:/Program Files/Unity/Editor/Data/PlaybackEngines/WindowsStandaloneSupport/UnityEditor.WindowsStandalone.Extensions.dll
Registered in 0.001796 seconds.
Native extension for WindowsStandalone target not found
Refreshing native plugins compatible for Editor in 41.05 ms, found 3 plugins.
Preloading 0 native plugins for Editor in 0.00 ms.
Mono: successfully reloaded assembly
- Completed reload, in  0.907 seconds
Domain Reload Profiling:
	ReloadAssembly (907ms)
		BeginReloadAssembly (46ms)
			ExecutionOrderSort (0ms)
			DisableScriptedObjects (0ms)
			BackupInstance (0ms)
			ReleaseScriptingObjects (0ms)
			CreateAndSetChildDomain (1ms)
		EndReloadAssembly (375ms)
			LoadAssemblies (44ms)
			RebuildTransferFunctionScriptingTraits (0ms)
			SetupTypeCache (136ms)
			ReleaseScriptCaches (0ms)
			RebuildScriptCaches (27ms)
			SetupLoadedEditorAssemblies (150ms)
				LogAssemblyErrors (0ms)
				InitializePlatformSupportModulesInManaged (3ms)
				SetLoadedEditorAssemblies (0ms)
				RefreshPlugins (41ms)
				BeforeProcessingInitializeOnLoad (6ms)
				ProcessInitializeOnLoadAttributes (74ms)
				ProcessInitializeOnLoadMethodAttributes (26ms)
				AfterProcessingInitializeOnLoad (0ms)
				EditorAssembliesLoaded (0ms)
			ExecutionOrderSort2 (0ms)
			AwakeInstancesAfterBackupRestoration (0ms)
Platform modules already initialized, skipping
Registering precompiled user dll's ...
Registered in 0.003937 seconds.
Begin MonoManager ReloadAssembly
Native extension for WindowsStandalone target not found
Refreshing native plugins compatible for Editor in 37.26 ms, found 3 plugins.
Preloading 0 native plugins for Editor in 0.00 ms.
Mono: successfully reloaded assembly
- Completed reload, in  0.988 seconds
Domain Reload Profiling:
	ReloadAssembly (990ms)
		BeginReloadAssembly (139ms)
			ExecutionOrderSort (0ms)
			DisableScriptedObjects (4ms)
			BackupInstance (0ms)
			ReleaseScriptingObjects (0ms)
			CreateAndSetChildDomain (17ms)
		EndReloadAssembly (797ms)
			LoadAssemblies (81ms)
			RebuildTransferFunctionScriptingTraits (0ms)
			SetupTypeCache (253ms)
			ReleaseScriptCaches (0ms)
			RebuildScriptCaches (43ms)
			SetupLoadedEditorAssemblies (313ms)
				LogAssemblyErrors (0ms)
				InitializePlatformSupportModulesInManaged (3ms)
				SetLoadedEditorAssemblies (0ms)
				RefreshPlugins (37ms)
				BeforeProcessingInitializeOnLoad (63ms)
				ProcessInitializeOnLoadAttributes (191ms)
				ProcessInitializeOnLoadMethodAttributes (12ms)
				AfterProcessingInitializeOnLoad (7ms)
				EditorAssembliesLoaded (0ms)
			ExecutionOrderSort2 (0ms)
			AwakeInstancesAfterBackupRestoration (5ms)
Platform modules already initialized, skipping
========================================================================
Worker process is ready to serve import requests
Launched and connected shader compiler UnityShaderCompiler.exe after 0.05 seconds
Refreshing native plugins compatible for Editor in 0.81 ms, found 3 plugins.
Preloading 0 native plugins for Editor in 0.00 ms.
Unloading 2187 Unused Serialized files (Serialized files now loaded: 0)
System memory in use before: 95.6 MB.
System memory in use after: 95.7 MB.

Unloading 41 unused Assets to reduce memory usage. Loaded Objects now: 2612.
Total: 2.217500 ms (FindLiveObjects: 0.224000 ms CreateObjectMapping: 0.092300 ms MarkObjects: 1.836800 ms  DeleteObjects: 0.063400 ms)

AssetImportParameters requested are different than current active one (requested -> active):
  custom:framework-win-MediaFoundation: 216162199b28c13a410421893ffa2e32 -> 
  custom:video-decoder-ogg-theora: a1e56fd34408186e4bbccfd4996cb3dc -> 
  custom:container-muxer-webm: aa71ff27fc2769a1b78a27578f13a17b -> 
  custom:container-demuxer-webm: 4f35f7cbe854078d1ac9338744f61a02 -> 
  custom:container-demuxer-ogg: 62fdf1f143b41e24485cea50d1cbac27 -> 
  custom:video-encoder-webm-vp8: eb34c28f22e8b96e1ab97ce403110664 -> 
  custom:video-decoder-webm-vp8: 9c59270c3fd7afecdb556c50c9e8de78 -> 
  custom:audio-decoder-ogg-vorbis: bf7c407c2cedff20999df2af8eb42d56 -> 
  custom:audio-encoder-webm-vorbis: bf7c407c2cedff20999df2af8eb42d56 -> 
========================================================================
Received Import Request.
  path: Assets/Scripts/Calculator.cs
  artifactKey: Guid(9b2951cd760fa1641a2b457ab7f48585) Importer(815301076,1909f56bfc062723c751e8b465ee728b)
Start importing Assets/Scripts/Calculator.cs using Guid(9b2951cd760fa1641a2b457ab7f48585) Importer(815301076,1909f56bfc062723c751e8b465ee728b)  -> (artifact id: '4a12409084fa04e55a869a09f3dca444') in 0.066277 seconds 
  Import took 0.069553 seconds .

========================================================================
Received Import Request.
  Time since last request: 1.935040 seconds.
  path: Assets/Scenes
  artifactKey: Guid(bbbc74fad6ed1d243aee6102298f428b) Importer(815301076,1909f56bfc062723c751e8b465ee728b)
Start importing Assets/Scenes using Guid(bbbc74fad6ed1d243aee6102298f428b) Importer(815301076,1909f56bfc062723c751e8b465ee728b)  -> (artifact id: 'e2f5d9c482259fc97b3f344a61ab00ed') in 0.008206 seconds 
  Import took 0.012075 seconds .

========================================================================
Received Import Request.
  Time since last request: 0.000835 seconds.
  path: Assets/Scenes
  artifactKey: Guid(bbbc74fad6ed1d243aee6102298f428b) Importer(815301076,1909f56bfc062723c751e8b465ee728b)
Start importing Assets/Scenes using Guid(bbbc74fad6ed1d243aee6102298f428b) Importer(815301076,1909f56bfc062723c751e8b465ee728b)  -> (artifact id: 'e2f5d9c482259fc97b3f344a61ab00ed') in 0.002712 seconds 
  Import took 0.006608 seconds .

========================================================================
Received Import Request.
  Time since last request: 0.577256 seconds.
  path: Assets/Scenes/SampleScene.unity
  artifactKey: Guid(2cda990e2423bbf4892e6590ba056729) Importer(815301076,1909f56bfc062723c751e8b465ee728b)
Start importing Assets/Scenes/SampleScene.unity using Guid(2cda990e2423bbf4892e6590ba056729) Importer(815301076,1909f56bfc062723c751e8b465ee728b)  -> (artifact id: '959bcd953351e9c5a7810ccb1b3618ea') in 0.014999 seconds 
  Import took 0.018342 seconds .

========================================================================
Received Import Request.
  Time since last request: 5.781932 seconds.
  path: Assets/Scenes/Calculator.unity
  artifactKey: Guid(2cda990e2423bbf4892e6590ba056729) Importer(815301076,1909f56bfc062723c751e8b465ee728b)
Start importing Assets/Scenes/Calculator.unity using Guid(2cda990e2423bbf4892e6590ba056729) Importer(815301076,1909f56bfc062723c751e8b465ee728b)  -> (artifact id: '19c7e38329b0ec2c5ed374da590dd014') in 0.006338 seconds 
  Import took 0.009596 seconds .

========================================================================
Received Prepare
Registering precompiled user dll's ...
Registered in 0.004352 seconds.
Begin MonoManager ReloadAssembly
Native extension for WindowsStandalone target not found
Refreshing native plugins compatible for Editor in 0.57 ms, found 3 plugins.
Preloading 0 native plugins for Editor in 0.00 ms.
Mono: successfully reloaded assembly
- Completed reload, in  1.132 seconds
Domain Reload Profiling:
	ReloadAssembly (1133ms)
		BeginReloadAssembly (117ms)
			ExecutionOrderSort (0ms)
			DisableScriptedObjects (6ms)
			BackupInstance (0ms)
			ReleaseScriptingObjects (0ms)
			CreateAndSetChildDomain (43ms)
		EndReloadAssembly (952ms)
			LoadAssemblies (97ms)
			RebuildTransferFunctionScriptingTraits (0ms)
			SetupTypeCache (348ms)
			ReleaseScriptCaches (1ms)
			RebuildScriptCaches (65ms)
			SetupLoadedEditorAssemblies (290ms)
				LogAssemblyErrors (0ms)
				InitializePlatformSupportModulesInManaged (10ms)
				SetLoadedEditorAssemblies (0ms)
				RefreshPlugins (1ms)
				BeforeProcessingInitializeOnLoad (62ms)
				ProcessInitializeOnLoadAttributes (205ms)
				ProcessInitializeOnLoadMethodAttributes (5ms)
				AfterProcessingInitializeOnLoad (6ms)
				EditorAssembliesLoaded (0ms)
			ExecutionOrderSort2 (0ms)
			AwakeInstancesAfterBackupRestoration (10ms)
Platform modules already initialized, skipping
Switching build target platform(19) subTarget(0) extendedPlatform(0) -> platform(13) subTarget(537395204) extendedPlatform(0)
Refreshing native plugins compatible for Editor in 0.52 ms, found 3 plugins.
Preloading 0 native plugins for Editor in 0.00 ms.
Unloading 2181 Unused Serialized files (Serialized files now loaded: 0)
System memory in use before: 95.1 MB.
System memory in use after: 95.2 MB.

Unloading 29 unused Assets to reduce memory usage. Loaded Objects now: 2616.
Total: 2.470400 ms (FindLiveObjects: 0.213800 ms CreateObjectMapping: 0.081100 ms MarkObjects: 2.158500 ms  DeleteObjects: 0.016100 ms)

AssetImportParameters requested are different than current active one (requested -> active):
  custom:framework-win-MediaFoundation: 216162199b28c13a410421893ffa2e32 -> 
  custom:video-decoder-ogg-theora: a1e56fd34408186e4bbccfd4996cb3dc -> 
  custom:container-muxer-webm: aa71ff27fc2769a1b78a27578f13a17b -> 
  custom:container-demuxer-webm: 4f35f7cbe854078d1ac9338744f61a02 -> 
  custom:container-demuxer-ogg: 62fdf1f143b41e24485cea50d1cbac27 -> 
  custom:video-encoder-webm-vp8: eb34c28f22e8b96e1ab97ce403110664 -> 
  custom:video-decoder-webm-vp8: 9c59270c3fd7afecdb556c50c9e8de78 -> 
  custom:graphics/normal-map-encoding: 01000000000000000000000000000000 -> 02000000000000000000000000000000
  custom:audio-decoder-ogg-vorbis: bf7c407c2cedff20999df2af8eb42d56 -> 
  custom:audio-encoder-webm-vorbis: bf7c407c2cedff20999df2af8eb42d56 -> 
========================================================================
Received Prepare
Refreshing native plugins compatible for Editor in 6.82 ms, found 3 plugins.
Preloading 0 native plugins for Editor in 0.00 ms.
Unloading 27 Unused Serialized files (Serialized files now loaded: 0)
System memory in use before: 52.6 MB.
System memory in use after: 52.7 MB.

Unloading 27 unused Assets to reduce memory usage. Loaded Objects now: 2616.
Total: 1.945100 ms (FindLiveObjects: 0.201200 ms CreateObjectMapping: 0.076400 ms MarkObjects: 1.653900 ms  DeleteObjects: 0.012800 ms)

AssetImportParameters requested are different than current active one (requested -> active):
  custom:framework-win-MediaFoundation: 216162199b28c13a410421893ffa2e32 -> 
  custom:video-decoder-ogg-theora: a1e56fd34408186e4bbccfd4996cb3dc -> 
  custom:container-muxer-webm: aa71ff27fc2769a1b78a27578f13a17b -> 
  custom:container-demuxer-webm: 4f35f7cbe854078d1ac9338744f61a02 -> 
  custom:container-demuxer-ogg: 62fdf1f143b41e24485cea50d1cbac27 -> 
  custom:video-encoder-webm-vp8: eb34c28f22e8b96e1ab97ce403110664 -> 
  custom:video-decoder-webm-vp8: 9c59270c3fd7afecdb556c50c9e8de78 -> 
  custom:audio-decoder-ogg-vorbis: bf7c407c2cedff20999df2af8eb42d56 -> 
  custom:audio-encoder-webm-vorbis: bf7c407c2cedff20999df2af8eb42d56 -> 
========================================================================
Received Import Request.
  Time since last request: 194.623397 seconds.
  path: Assets/Assets/Ресурс 1.png
  artifactKey: Guid(07fdd9e3eac33824dab16d84e4fbfffb) Importer(815301076,1909f56bfc062723c751e8b465ee728b)
Start importing Assets/Assets/Ресурс 1.png using Guid(07fdd9e3eac33824dab16d84e4fbfffb) Importer(815301076,1909f56bfc062723c751e8b465ee728b)  -> (artifact id: '85bd62d3c8dc27c51c276c6e910823b8') in 0.143856 seconds 
  Import took 0.147883 seconds .

========================================================================
Received Import Request.
  Time since last request: 0.000238 seconds.
  path: Assets/Assets/Ресурс 2.png
  artifactKey: Guid(9bdc95212f91556469204f43ae2a967b) Importer(815301076,1909f56bfc062723c751e8b465ee728b)
Start importing Assets/Assets/Ресурс 2.png using Guid(9bdc95212f91556469204f43ae2a967b) Importer(815301076,1909f56bfc062723c751e8b465ee728b)  -> (artifact id: '0996752250e5dd807c8760ddfae59d2a') in 0.017492 seconds 
  Import took 0.020704 seconds .

========================================================================
Received Import Request.
  Time since last request: 0.000266 seconds.
  path: Assets/Assets/Ресурс 3.png
  artifactKey: Guid(bec7004a215e30b44a4703e54c6af9f6) Importer(815301076,1909f56bfc062723c751e8b465ee728b)
Start importing Assets/Assets/Ресурс 3.png using Guid(bec7004a215e30b44a4703e54c6af9f6) Importer(815301076,1909f56bfc062723c751e8b465ee728b)  -> (artifact id: '5890eaa95d7e3dda4e2c4625942dbe0e') in 0.022761 seconds 
  Import took 0.030500 seconds .

========================================================================
Received Import Request.
  Time since last request: 0.000169 seconds.
  path: Assets/Assets/Ресурс 5.png
  artifactKey: Guid(e55275add80228e43abd6eb241de37a1) Importer(815301076,1909f56bfc062723c751e8b465ee728b)
Start importing Assets/Assets/Ресурс 5.png using Guid(e55275add80228e43abd6eb241de37a1) Importer(815301076,1909f56bfc062723c751e8b465ee728b)  -> (artifact id: '1d12d185030b537eac9253c967acb72d') in 0.025296 seconds 
  Import took 0.028971 seconds .

========================================================================
Received Import Request.
  Time since last request: 0.000182 seconds.
  path: Assets/Assets/Ресурс 4.png
  artifactKey: Guid(db049143d5c89aa49acb0448a1eb88c7) Importer(815301076,1909f56bfc062723c751e8b465ee728b)
Start importing Assets/Assets/Ресурс 4.png using Guid(db049143d5c89aa49acb0448a1eb88c7) Importer(815301076,1909f56bfc062723c751e8b465ee728b)  -> (artifact id: 'f580b9bec79ba658d2f198b00068db05') in 0.027865 seconds 
  Import took 0.036338 seconds .

========================================================================
Received Prepare
Registering precompiled user dll's ...
Registered in 0.006459 seconds.
Begin MonoManager ReloadAssembly
Native extension for WindowsStandalone target not found
Refreshing native plugins compatible for Editor in 0.52 ms, found 3 plugins.
Preloading 0 native plugins for Editor in 0.00 ms.
Mono: successfully reloaded assembly
- Completed reload, in  0.952 seconds
Domain Reload Profiling:
	ReloadAssembly (953ms)
		BeginReloadAssembly (141ms)
			ExecutionOrderSort (0ms)
			DisableScriptedObjects (7ms)
			BackupInstance (0ms)
			ReleaseScriptingObjects (0ms)
			CreateAndSetChildDomain (48ms)
		EndReloadAssembly (757ms)
			LoadAssemblies (88ms)
			RebuildTransferFunctionScriptingTraits (0ms)
			SetupTypeCache (265ms)
			ReleaseScriptCaches (1ms)
			RebuildScriptCaches (37ms)
			SetupLoadedEditorAssemblies (252ms)
				LogAssemblyErrors (0ms)
				InitializePlatformSupportModulesInManaged (4ms)
				SetLoadedEditorAssemblies (0ms)
				RefreshPlugins (1ms)
				BeforeProcessingInitializeOnLoad (54ms)
				ProcessInitializeOnLoadAttributes (181ms)
				ProcessInitializeOnLoadMethodAttributes (5ms)
				AfterProcessingInitializeOnLoad (6ms)
				EditorAssembliesLoaded (0ms)
			ExecutionOrderSort2 (0ms)
			AwakeInstancesAfterBackupRestoration (10ms)
Platform modules already initialized, skipping
Switching build target platform(19) subTarget(0) extendedPlatform(0) -> platform(13) subTarget(537395204) extendedPlatform(0)
Refreshing native plugins compatible for Editor in 0.51 ms, found 3 plugins.
Preloading 0 native plugins for Editor in 0.00 ms.
Unloading 2181 Unused Serialized files (Serialized files now loaded: 0)
System memory in use before: 98.1 MB.
System memory in use after: 98.2 MB.

Unloading 29 unused Assets to reduce memory usage. Loaded Objects now: 2632.
Total: 2.222000 ms (FindLiveObjects: 0.314700 ms CreateObjectMapping: 0.119100 ms MarkObjects: 1.768900 ms  DeleteObjects: 0.017600 ms)

AssetImportParameters requested are different than current active one (requested -> active):
  custom:framework-win-MediaFoundation: 216162199b28c13a410421893ffa2e32 -> 
  custom:video-decoder-ogg-theora: a1e56fd34408186e4bbccfd4996cb3dc -> 
  custom:container-muxer-webm: aa71ff27fc2769a1b78a27578f13a17b -> 
  custom:container-demuxer-webm: 4f35f7cbe854078d1ac9338744f61a02 -> 
  custom:container-demuxer-ogg: 62fdf1f143b41e24485cea50d1cbac27 -> 
  custom:video-encoder-webm-vp8: eb34c28f22e8b96e1ab97ce403110664 -> 
  custom:video-decoder-webm-vp8: 9c59270c3fd7afecdb556c50c9e8de78 -> 
  custom:graphics/normal-map-encoding: 01000000000000000000000000000000 -> 02000000000000000000000000000000
  custom:audio-decoder-ogg-vorbis: bf7c407c2cedff20999df2af8eb42d56 -> 
  custom:audio-encoder-webm-vorbis: bf7c407c2cedff20999df2af8eb42d56 -> 
========================================================================
Received Import Request.
  Time since last request: 630.965863 seconds.
  path: Assets/Scripts/Calculator.cs
  artifactKey: Guid(9b2951cd760fa1641a2b457ab7f48585) Importer(815301076,1909f56bfc062723c751e8b465ee728b)
Start importing Assets/Scripts/Calculator.cs using Guid(9b2951cd760fa1641a2b457ab7f48585) Importer(815301076,1909f56bfc062723c751e8b465ee728b)  -> (artifact id: '966d410d8ec3230c49c6766addfd7952') in 0.010764 seconds 
  Import took 0.013795 seconds .

========================================================================
Received Import Request.
  Time since last request: 240.720526 seconds.
  path: Assets/Prefabs/Input.prefab
  artifactKey: Guid(f6bbc7deae9b6b7479807bc84e28261e) Importer(815301076,1909f56bfc062723c751e8b465ee728b)
Start importing Assets/Prefabs/Input.prefab using Guid(f6bbc7deae9b6b7479807bc84e28261e) Importer(815301076,1909f56bfc062723c751e8b465ee728b)  -> (artifact id: '3ac2fd0b747ed7e4d75f1fd9889cece9') in 0.054429 seconds 
  Import took 0.059440 seconds .

========================================================================
Received Import Request.
  Time since last request: 0.003260 seconds.
  path: Assets/Prefabs/Input.prefab
  artifactKey: Guid(f6bbc7deae9b6b7479807bc84e28261e) Importer(815301076,1909f56bfc062723c751e8b465ee728b)
Start importing Assets/Prefabs/Input.prefab using Guid(f6bbc7deae9b6b7479807bc84e28261e) Importer(815301076,1909f56bfc062723c751e8b465ee728b)  -> (artifact id: '3ac2fd0b747ed7e4d75f1fd9889cece9') in 0.004968 seconds 
  Import took 0.011810 seconds .

========================================================================
Received Import Request.
  Time since last request: 3.575456 seconds.
  path: Assets/Prefabs/ButtonPanel.prefab
  artifactKey: Guid(b678c65fd6084f0418211910521657f0) Importer(815301076,1909f56bfc062723c751e8b465ee728b)
Start importing Assets/Prefabs/ButtonPanel.prefab using Guid(b678c65fd6084f0418211910521657f0) Importer(815301076,1909f56bfc062723c751e8b465ee728b)  -> (artifact id: '4449eecf1e593b2aec9204b314a933d9') in 0.023927 seconds 
  Import took 0.027969 seconds .

========================================================================
Received Import Request.
  Time since last request: 0.003677 seconds.
  path: Assets/Prefabs/ButtonPanel.prefab
  artifactKey: Guid(b678c65fd6084f0418211910521657f0) Importer(815301076,1909f56bfc062723c751e8b465ee728b)
Start importing Assets/Prefabs/ButtonPanel.prefab using Guid(b678c65fd6084f0418211910521657f0) Importer(815301076,1909f56bfc062723c751e8b465ee728b)  -> (artifact id: '4449eecf1e593b2aec9204b314a933d9') in 0.013286 seconds 
  Import took 0.017317 seconds .

========================================================================
Received Import Request.
  Time since last request: 70.141939 seconds.
  path: Assets/Prefabs/Button Number.prefab
  artifactKey: Guid(8fc49717aee657c4d92d8c438700ed98) Importer(815301076,1909f56bfc062723c751e8b465ee728b)
Start importing Assets/Prefabs/Button Number.prefab using Guid(8fc49717aee657c4d92d8c438700ed98) Importer(815301076,1909f56bfc062723c751e8b465ee728b)  -> (artifact id: '0f35977e623d4a6307199aecfb99e5d6') in 0.009324 seconds 
  Import took 0.014834 seconds .

========================================================================
Received Import Request.
  Time since last request: 0.006653 seconds.
  path: Assets/Prefabs/Button Number.prefab
  artifactKey: Guid(8fc49717aee657c4d92d8c438700ed98) Importer(815301076,1909f56bfc062723c751e8b465ee728b)
Start importing Assets/Prefabs/Button Number.prefab using Guid(8fc49717aee657c4d92d8c438700ed98) Importer(815301076,1909f56bfc062723c751e8b465ee728b)  -> (artifact id: '0f35977e623d4a6307199aecfb99e5d6') in 0.009751 seconds 
  Import took 0.013945 seconds .

========================================================================
Received Import Request.
  Time since last request: 0.079265 seconds.
  path: Assets/Prefabs/ButtonPanel.prefab
  artifactKey: Guid(b678c65fd6084f0418211910521657f0) Importer(815301076,1909f56bfc062723c751e8b465ee728b)
Start importing Assets/Prefabs/ButtonPanel.prefab using Guid(b678c65fd6084f0418211910521657f0) Importer(815301076,1909f56bfc062723c751e8b465ee728b)  -> (artifact id: 'bd47cfd9e4b7738c570267daa417c2ba') in 0.005754 seconds 
  Import took 0.010039 seconds .

========================================================================
Received Import Request.
  Time since last request: 2.330502 seconds.
  path: Assets/Prefabs/Button Operator.prefab
  artifactKey: Guid(e8649fb6d20686141a57fc440ff35076) Importer(815301076,1909f56bfc062723c751e8b465ee728b)
Start importing Assets/Prefabs/Button Operator.prefab using Guid(e8649fb6d20686141a57fc440ff35076) Importer(815301076,1909f56bfc062723c751e8b465ee728b)  -> (artifact id: '0824bfca49585ed60b1025a30ba65cf9') in 0.012135 seconds 
  Import took 0.015548 seconds .

========================================================================
Received Import Request.
  Time since last request: 0.012916 seconds.
  path: Assets/Prefabs/Button Operator.prefab
  artifactKey: Guid(e8649fb6d20686141a57fc440ff35076) Importer(815301076,1909f56bfc062723c751e8b465ee728b)
Start importing Assets/Prefabs/Button Operator.prefab using Guid(e8649fb6d20686141a57fc440ff35076) Importer(815301076,1909f56bfc062723c751e8b465ee728b)  -> (artifact id: '0824bfca49585ed60b1025a30ba65cf9') in 0.005307 seconds 
  Import took 0.013647 seconds .

========================================================================
Received Import Request.
  Time since last request: 0.144245 seconds.
  path: Assets/Prefabs/ButtonPanel.prefab
  artifactKey: Guid(b678c65fd6084f0418211910521657f0) Importer(815301076,1909f56bfc062723c751e8b465ee728b)
Start importing Assets/Prefabs/ButtonPanel.prefab using Guid(b678c65fd6084f0418211910521657f0) Importer(815301076,1909f56bfc062723c751e8b465ee728b)  -> (artifact id: '2a2eb539d720c312973033a4f3acd143') in 0.007506 seconds 
  Import took 0.012801 seconds .

========================================================================
Received Import Request.
  Time since last request: 8.597286 seconds.
  path: Assets/Prefabs/Button Equal.prefab
  artifactKey: Guid(5aad73084cf9f6a45b65b7d70ef5b624) Importer(815301076,1909f56bfc062723c751e8b465ee728b)
Start importing Assets/Prefabs/Button Equal.prefab using Guid(5aad73084cf9f6a45b65b7d70ef5b624) Importer(815301076,1909f56bfc062723c751e8b465ee728b)  -> (artifact id: 'b137af6e946cae2927856b41df8f07b5') in 0.014248 seconds 
  Import took 0.017949 seconds .

========================================================================
Received Import Request.
  Time since last request: 0.015577 seconds.
  path: Assets/Prefabs/Button Equal.prefab
  artifactKey: Guid(5aad73084cf9f6a45b65b7d70ef5b624) Importer(815301076,1909f56bfc062723c751e8b465ee728b)
Start importing Assets/Prefabs/Button Equal.prefab using Guid(5aad73084cf9f6a45b65b7d70ef5b624) Importer(815301076,1909f56bfc062723c751e8b465ee728b)  -> (artifact id: 'b137af6e946cae2927856b41df8f07b5') in 0.009567 seconds 
  Import took 0.016587 seconds .

========================================================================
Received Import Request.
  Time since last request: 0.000363 seconds.
  path: Assets/Prefabs/ButtonPanel.prefab
  artifactKey: Guid(b678c65fd6084f0418211910521657f0) Importer(815301076,1909f56bfc062723c751e8b465ee728b)
Start importing Assets/Prefabs/ButtonPanel.prefab using Guid(b678c65fd6084f0418211910521657f0) Importer(815301076,1909f56bfc062723c751e8b465ee728b)  -> (artifact id: '0474f21d2f4989407472d1edfcb3d7cc') in 0.010933 seconds 
  Import took 0.015172 seconds .

========================================================================
Received Import Request.
  Time since last request: 5.813307 seconds.
  path: Assets/Prefabs/ButtonPanel.prefab
  artifactKey: Guid(b678c65fd6084f0418211910521657f0) Importer(815301076,1909f56bfc062723c751e8b465ee728b)
Start importing Assets/Prefabs/ButtonPanel.prefab using Guid(b678c65fd6084f0418211910521657f0) Importer(815301076,1909f56bfc062723c751e8b465ee728b)  -> (artifact id: '0d1e23bcb4072fa0bfcb58ff368169dd') in 0.005954 seconds 
  Import took 0.010790 seconds .

========================================================================
Received Import Request.
  Time since last request: 14.877494 seconds.
  path: Assets/Prefabs/ButtonPanel.prefab
  artifactKey: Guid(b678c65fd6084f0418211910521657f0) Importer(815301076,1909f56bfc062723c751e8b465ee728b)
Start importing Assets/Prefabs/ButtonPanel.prefab using Guid(b678c65fd6084f0418211910521657f0) Importer(815301076,1909f56bfc062723c751e8b465ee728b)  -> (artifact id: 'f67ae10680612e04041a03e207feb973') in 0.010535 seconds 
  Import took 0.014731 seconds .

========================================================================
Received Import Request.
  Time since last request: 40.306571 seconds.
  path: Assets/Prefabs/ButtonPanel.prefab
  artifactKey: Guid(b678c65fd6084f0418211910521657f0) Importer(815301076,1909f56bfc062723c751e8b465ee728b)
Start importing Assets/Prefabs/ButtonPanel.prefab using Guid(b678c65fd6084f0418211910521657f0) Importer(815301076,1909f56bfc062723c751e8b465ee728b)  -> (artifact id: '1313f3bcc72bfe6382eecafab4d8397a') in 0.007377 seconds 
  Import took 0.019300 seconds .

========================================================================
Received Import Request.
  Time since last request: 45.559062 seconds.
  path: Assets/Prefabs/ButtonPanel.prefab
  artifactKey: Guid(b678c65fd6084f0418211910521657f0) Importer(815301076,1909f56bfc062723c751e8b465ee728b)
Start importing Assets/Prefabs/ButtonPanel.prefab using Guid(b678c65fd6084f0418211910521657f0) Importer(815301076,1909f56bfc062723c751e8b465ee728b)  -> (artifact id: '499a1c730c032f17051141619cf484d1') in 0.008750 seconds 
  Import took 0.013130 seconds .

========================================================================
Received Import Request.
  Time since last request: 520.832654 seconds.
  path: Assets/Prefabs/ButtonPanel.prefab
  artifactKey: Guid(b678c65fd6084f0418211910521657f0) Importer(815301076,1909f56bfc062723c751e8b465ee728b)
Start importing Assets/Prefabs/ButtonPanel.prefab using Guid(b678c65fd6084f0418211910521657f0) Importer(815301076,1909f56bfc062723c751e8b465ee728b)  -> (artifact id: 'b8f47f69567f549450548d783da78f24') in 0.010788 seconds 
  Import took 0.016190 seconds .

========================================================================
Received Prepare
Registering precompiled user dll's ...
Registered in 0.006566 seconds.
Begin MonoManager ReloadAssembly
Native extension for WindowsStandalone target not found
Refreshing native plugins compatible for Editor in 0.77 ms, found 3 plugins.
Preloading 0 native plugins for Editor in 0.00 ms.
Mono: successfully reloaded assembly
- Completed reload, in  0.983 seconds
Domain Reload Profiling:
	ReloadAssembly (983ms)
		BeginReloadAssembly (116ms)
			ExecutionOrderSort (0ms)
			DisableScriptedObjects (6ms)
			BackupInstance (0ms)
			ReleaseScriptingObjects (0ms)
			CreateAndSetChildDomain (34ms)
		EndReloadAssembly (810ms)
			LoadAssemblies (88ms)
			RebuildTransferFunctionScriptingTraits (0ms)
			SetupTypeCache (277ms)
			ReleaseScriptCaches (1ms)
			RebuildScriptCaches (39ms)
			SetupLoadedEditorAssemblies (280ms)
				LogAssemblyErrors (0ms)
				InitializePlatformSupportModulesInManaged (4ms)
				SetLoadedEditorAssemblies (0ms)
				RefreshPlugins (1ms)
				BeforeProcessingInitializeOnLoad (60ms)
				ProcessInitializeOnLoadAttributes (203ms)
				ProcessInitializeOnLoadMethodAttributes (6ms)
				AfterProcessingInitializeOnLoad (6ms)
				EditorAssembliesLoaded (0ms)
			ExecutionOrderSort2 (0ms)
			AwakeInstancesAfterBackupRestoration (10ms)
Platform modules already initialized, skipping
Switching build target platform(19) subTarget(0) extendedPlatform(0) -> platform(13) subTarget(537395204) extendedPlatform(0)
Refreshing native plugins compatible for Editor in 0.56 ms, found 3 plugins.
Preloading 0 native plugins for Editor in 0.00 ms.
Unloading 2181 Unused Serialized files (Serialized files now loaded: 0)
System memory in use before: 98.2 MB.
System memory in use after: 98.4 MB.

Unloading 29 unused Assets to reduce memory usage. Loaded Objects now: 2638.
Total: 2.297700 ms (FindLiveObjects: 0.232400 ms CreateObjectMapping: 0.185400 ms MarkObjects: 1.820300 ms  DeleteObjects: 0.058700 ms)

AssetImportParameters requested are different than current active one (requested -> active):
  custom:framework-win-MediaFoundation: 216162199b28c13a410421893ffa2e32 -> 
  custom:video-decoder-ogg-theora: a1e56fd34408186e4bbccfd4996cb3dc -> 
  custom:container-muxer-webm: aa71ff27fc2769a1b78a27578f13a17b -> 
  custom:container-demuxer-webm: 4f35f7cbe854078d1ac9338744f61a02 -> 
  custom:container-demuxer-ogg: 62fdf1f143b41e24485cea50d1cbac27 -> 
  custom:video-encoder-webm-vp8: eb34c28f22e8b96e1ab97ce403110664 -> 
  custom:video-decoder-webm-vp8: 9c59270c3fd7afecdb556c50c9e8de78 -> 
  custom:graphics/normal-map-encoding: 01000000000000000000000000000000 -> 02000000000000000000000000000000
  custom:audio-decoder-ogg-vorbis: bf7c407c2cedff20999df2af8eb42d56 -> 
  custom:audio-encoder-webm-vorbis: bf7c407c2cedff20999df2af8eb42d56 -> 
========================================================================
Received Prepare
Registering precompiled user dll's ...
Registered in 0.003943 seconds.
Begin MonoManager ReloadAssembly
Native extension for WindowsStandalone target not found
Refreshing native plugins compatible for Editor in 0.56 ms, found 3 plugins.
Preloading 0 native plugins for Editor in 0.00 ms.
Mono: successfully reloaded assembly
- Completed reload, in  0.958 seconds
Domain Reload Profiling:
	ReloadAssembly (958ms)
		BeginReloadAssembly (118ms)
			ExecutionOrderSort (0ms)
			DisableScriptedObjects (6ms)
			BackupInstance (0ms)
			ReleaseScriptingObjects (0ms)
			CreateAndSetChildDomain (33ms)
		EndReloadAssembly (783ms)
			LoadAssemblies (87ms)
			RebuildTransferFunctionScriptingTraits (0ms)
			SetupTypeCache (267ms)
			ReleaseScriptCaches (1ms)
			RebuildScriptCaches (37ms)
			SetupLoadedEditorAssemblies (269ms)
				LogAssemblyErrors (0ms)
				InitializePlatformSupportModulesInManaged (5ms)
				SetLoadedEditorAssemblies (0ms)
				RefreshPlugins (1ms)
				BeforeProcessingInitializeOnLoad (59ms)
				ProcessInitializeOnLoadAttributes (194ms)
				ProcessInitializeOnLoadMethodAttributes (5ms)
				AfterProcessingInitializeOnLoad (6ms)
				EditorAssembliesLoaded (0ms)
			ExecutionOrderSort2 (0ms)
			AwakeInstancesAfterBackupRestoration (11ms)
Platform modules already initialized, skipping
Switching build target platform(19) subTarget(0) extendedPlatform(0) -> platform(13) subTarget(537395204) extendedPlatform(0)
Refreshing native plugins compatible for Editor in 0.53 ms, found 3 plugins.
Preloading 0 native plugins for Editor in 0.00 ms.
Unloading 2181 Unused Serialized files (Serialized files now loaded: 0)
System memory in use before: 98.3 MB.
System memory in use after: 98.4 MB.

Unloading 29 unused Assets to reduce memory usage. Loaded Objects now: 2642.
Total: 2.143200 ms (FindLiveObjects: 0.235700 ms CreateObjectMapping: 0.097200 ms MarkObjects: 1.791800 ms  DeleteObjects: 0.017000 ms)

AssetImportParameters requested are different than current active one (requested -> active):
  custom:framework-win-MediaFoundation: 216162199b28c13a410421893ffa2e32 -> 
  custom:video-decoder-ogg-theora: a1e56fd34408186e4bbccfd4996cb3dc -> 
  custom:container-muxer-webm: aa71ff27fc2769a1b78a27578f13a17b -> 
  custom:container-demuxer-webm: 4f35f7cbe854078d1ac9338744f61a02 -> 
  custom:container-demuxer-ogg: 62fdf1f143b41e24485cea50d1cbac27 -> 
  custom:video-encoder-webm-vp8: eb34c28f22e8b96e1ab97ce403110664 -> 
  custom:video-decoder-webm-vp8: 9c59270c3fd7afecdb556c50c9e8de78 -> 
  custom:graphics/normal-map-encoding: 01000000000000000000000000000000 -> 02000000000000000000000000000000
  custom:audio-decoder-ogg-vorbis: bf7c407c2cedff20999df2af8eb42d56 -> 
  custom:audio-encoder-webm-vorbis: bf7c407c2cedff20999df2af8eb42d56 -> 
========================================================================
Received Prepare
Registering precompiled user dll's ...
Registered in 0.004255 seconds.
Begin MonoManager ReloadAssembly
Native extension for WindowsStandalone target not found
Refreshing native plugins compatible for Editor in 0.57 ms, found 3 plugins.
Preloading 0 native plugins for Editor in 0.00 ms.
Mono: successfully reloaded assembly
- Completed reload, in  0.995 seconds
Domain Reload Profiling:
	ReloadAssembly (996ms)
		BeginReloadAssembly (110ms)
			ExecutionOrderSort (0ms)
			DisableScriptedObjects (6ms)
			BackupInstance (0ms)
			ReleaseScriptingObjects (0ms)
			CreateAndSetChildDomain (31ms)
		EndReloadAssembly (822ms)
			LoadAssemblies (86ms)
			RebuildTransferFunctionScriptingTraits (0ms)
			SetupTypeCache (274ms)
			ReleaseScriptCaches (1ms)
			RebuildScriptCaches (42ms)
			SetupLoadedEditorAssemblies (282ms)
				LogAssemblyErrors (0ms)
				InitializePlatformSupportModulesInManaged (5ms)
				SetLoadedEditorAssemblies (0ms)
				RefreshPlugins (1ms)
				BeforeProcessingInitializeOnLoad (59ms)
				ProcessInitializeOnLoadAttributes (208ms)
				ProcessInitializeOnLoadMethodAttributes (5ms)
				AfterProcessingInitializeOnLoad (6ms)
				EditorAssembliesLoaded (0ms)
			ExecutionOrderSort2 (0ms)
			AwakeInstancesAfterBackupRestoration (9ms)
Platform modules already initialized, skipping
Switching build target platform(19) subTarget(0) extendedPlatform(0) -> platform(13) subTarget(537395204) extendedPlatform(0)
Refreshing native plugins compatible for Editor in 0.53 ms, found 3 plugins.
Preloading 0 native plugins for Editor in 0.00 ms.
Unloading 2181 Unused Serialized files (Serialized files now loaded: 0)
System memory in use before: 98.3 MB.
System memory in use after: 98.4 MB.

Unloading 29 unused Assets to reduce memory usage. Loaded Objects now: 2646.
Total: 2.508400 ms (FindLiveObjects: 0.200200 ms CreateObjectMapping: 0.145200 ms MarkObjects: 2.139800 ms  DeleteObjects: 0.022400 ms)

AssetImportParameters requested are different than current active one (requested -> active):
  custom:framework-win-MediaFoundation: 216162199b28c13a410421893ffa2e32 -> 
  custom:video-decoder-ogg-theora: a1e56fd34408186e4bbccfd4996cb3dc -> 
  custom:container-muxer-webm: aa71ff27fc2769a1b78a27578f13a17b -> 
  custom:container-demuxer-webm: 4f35f7cbe854078d1ac9338744f61a02 -> 
  custom:container-demuxer-ogg: 62fdf1f143b41e24485cea50d1cbac27 -> 
  custom:video-encoder-webm-vp8: eb34c28f22e8b96e1ab97ce403110664 -> 
  custom:video-decoder-webm-vp8: 9c59270c3fd7afecdb556c50c9e8de78 -> 
  custom:graphics/normal-map-encoding: 01000000000000000000000000000000 -> 02000000000000000000000000000000
  custom:audio-decoder-ogg-vorbis: bf7c407c2cedff20999df2af8eb42d56 -> 
  custom:audio-encoder-webm-vorbis: bf7c407c2cedff20999df2af8eb42d56 -> 
========================================================================
Received Import Request.
  Time since last request: 248.307529 seconds.
  path: Assets/Prefabs/ButtonPanel.prefab
  artifactKey: Guid(b678c65fd6084f0418211910521657f0) Importer(815301076,1909f56bfc062723c751e8b465ee728b)
Start importing Assets/Prefabs/ButtonPanel.prefab using Guid(b678c65fd6084f0418211910521657f0) Importer(815301076,1909f56bfc062723c751e8b465ee728b)  -> (artifact id: '2fa10f56a1b462260ac22803796590bb') in 0.044238 seconds 
  Import took 0.049347 seconds .

========================================================================
Received Import Request.
  Time since last request: 1.942527 seconds.
  path: Assets/Prefabs/Input.prefab
  artifactKey: Guid(f6bbc7deae9b6b7479807bc84e28261e) Importer(815301076,1909f56bfc062723c751e8b465ee728b)
Start importing Assets/Prefabs/Input.prefab using Guid(f6bbc7deae9b6b7479807bc84e28261e) Importer(815301076,1909f56bfc062723c751e8b465ee728b)  -> (artifact id: 'e5badcc0e64ac185255ae41590659818') in 0.005015 seconds 
  Import took 0.009155 seconds .

========================================================================
Received Import Request.
  Time since last request: 107.267376 seconds.
  path: Assets/Prefabs/ButtonPanel.prefab
  artifactKey: Guid(b678c65fd6084f0418211910521657f0) Importer(815301076,1909f56bfc062723c751e8b465ee728b)
Start importing Assets/Prefabs/ButtonPanel.prefab using Guid(b678c65fd6084f0418211910521657f0) Importer(815301076,1909f56bfc062723c751e8b465ee728b)  -> (artifact id: '927fd08fce0d63065e04664b28fbffb2') in 0.007146 seconds 
  Import took 0.011397 seconds .

========================================================================
Received Prepare
Registering precompiled user dll's ...
Registered in 0.003963 seconds.
Begin MonoManager ReloadAssembly
Native extension for WindowsStandalone target not found
Refreshing native plugins compatible for Editor in 0.54 ms, found 3 plugins.
Preloading 0 native plugins for Editor in 0.00 ms.
Mono: successfully reloaded assembly
- Completed reload, in  0.929 seconds
Domain Reload Profiling:
	ReloadAssembly (929ms)
		BeginReloadAssembly (106ms)
			ExecutionOrderSort (0ms)
			DisableScriptedObjects (5ms)
			BackupInstance (0ms)
			ReleaseScriptingObjects (0ms)
			CreateAndSetChildDomain (30ms)
		EndReloadAssembly (770ms)
			LoadAssemblies (77ms)
			RebuildTransferFunctionScriptingTraits (0ms)
			SetupTypeCache (251ms)
			ReleaseScriptCaches (1ms)
			RebuildScriptCaches (37ms)
			SetupLoadedEditorAssemblies (267ms)
				LogAssemblyErrors (0ms)
				InitializePlatformSupportModulesInManaged (5ms)
				SetLoadedEditorAssemblies (0ms)
				RefreshPlugins (1ms)
				BeforeProcessingInitializeOnLoad (58ms)
				ProcessInitializeOnLoadAttributes (192ms)
				ProcessInitializeOnLoadMethodAttributes (5ms)
				AfterProcessingInitializeOnLoad (6ms)
				EditorAssembliesLoaded (0ms)
			ExecutionOrderSort2 (0ms)
			AwakeInstancesAfterBackupRestoration (9ms)
Platform modules already initialized, skipping
Switching build target platform(19) subTarget(0) extendedPlatform(0) -> platform(13) subTarget(537395204) extendedPlatform(0)
Refreshing native plugins compatible for Editor in 0.51 ms, found 3 plugins.
Preloading 0 native plugins for Editor in 0.00 ms.
Unloading 2181 Unused Serialized files (Serialized files now loaded: 0)
System memory in use before: 98.3 MB.
System memory in use after: 98.4 MB.

Unloading 29 unused Assets to reduce memory usage. Loaded Objects now: 2650.
Total: 2.568300 ms (FindLiveObjects: 0.209100 ms CreateObjectMapping: 0.083900 ms MarkObjects: 2.256300 ms  DeleteObjects: 0.018000 ms)

AssetImportParameters requested are different than current active one (requested -> active):
  custom:framework-win-MediaFoundation: 216162199b28c13a410421893ffa2e32 -> 
  custom:video-decoder-ogg-theora: a1e56fd34408186e4bbccfd4996cb3dc -> 
  custom:container-muxer-webm: aa71ff27fc2769a1b78a27578f13a17b -> 
  custom:container-demuxer-webm: 4f35f7cbe854078d1ac9338744f61a02 -> 
  custom:container-demuxer-ogg: 62fdf1f143b41e24485cea50d1cbac27 -> 
  custom:video-encoder-webm-vp8: eb34c28f22e8b96e1ab97ce403110664 -> 
  custom:video-decoder-webm-vp8: 9c59270c3fd7afecdb556c50c9e8de78 -> 
  custom:graphics/normal-map-encoding: 01000000000000000000000000000000 -> 02000000000000000000000000000000
  custom:audio-decoder-ogg-vorbis: bf7c407c2cedff20999df2af8eb42d56 -> 
  custom:audio-encoder-webm-vorbis: bf7c407c2cedff20999df2af8eb42d56 -> 
========================================================================
Received Import Request.
  Time since last request: 171.127471 seconds.
  path: Assets/Assets/icon.png
  artifactKey: Guid(ca0878f4dd267d044a9af7078b1c9e29) Importer(815301076,1909f56bfc062723c751e8b465ee728b)
Start importing Assets/Assets/icon.png using Guid(ca0878f4dd267d044a9af7078b1c9e29) Importer(815301076,1909f56bfc062723c751e8b465ee728b)  -> (artifact id: '1ddd5edf65037a02660d98d3b1b1677f') in 0.076810 seconds 
  Import took 0.080672 seconds .

AssetImportWorkerClient::OnTransportError - code=2 error=End of file
